2023-05-15 14:05:532 INFO  HomePage :29 - Hover on desktop and click [[ChromeDriver: chrome on WINDOWS (17856ba4fe015a63c11f40316645d5bb)] -> xpath: //a[text()='Desktops']]
2023-05-15 14:05:116 INFO  HomePage :33 - Call select menu method and click [[ChromeDriver: chrome on WINDOWS (17856ba4fe015a63c11f40316645d5bb)] -> xpath: //a[text()='Desktops']]
2023-05-15 14:05:172 INFO  DesktopsPage :37 - Get text from desktops [[ChromeDriver: chrome on WINDOWS (17856ba4fe015a63c11f40316645d5bb)] -> xpath: //h2]
2023-05-15 14:05:158 INFO  HomePage :37 - Hover on the laptops and notebooks and click [[ChromeDriver: chrome on WINDOWS (92d362184c1d5510303f10f66303dc37)] -> xpath: //a[text()='Laptops & Notebooks']]
2023-05-15 14:05:895 INFO  HomePage :33 - Call select menu method and click [[ChromeDriver: chrome on WINDOWS (92d362184c1d5510303f10f66303dc37)] -> xpath: //a[text()='Desktops']]
2023-05-15 14:05:922 INFO  LaptopsAndNotebooksPage :37 - Get text [[ChromeDriver: chrome on WINDOWS (92d362184c1d5510303f10f66303dc37)] -> css selector: #content h2]
2023-05-15 15:05:365 INFO  HomePage :41 - Hover on the components and click [[ChromeDriver: chrome on WINDOWS (d5c8f952eed46af859b1b96a945902ba)] -> xpath: //a[text()='Components']]
2023-05-15 15:05:476 INFO  HomePage :33 - Call select menu method and click [[ChromeDriver: chrome on WINDOWS (d5c8f952eed46af859b1b96a945902ba)] -> xpath: //a[text()='Desktops']]
2023-05-15 15:05:534 INFO  ComponentsPage :25 - Get text from components Proxy element for: DefaultElementLocator 'By.cssSelector: #content h2'
2023-05-15 15:05:971 INFO  HomePage :41 - Hover on the components and click [[ChromeDriver: chrome on WINDOWS (1b5e6118b18b0e326974b9fe5a21b82a)] -> xpath: //a[text()='Components']]
2023-05-15 15:05:583 INFO  HomePage :33 - Call select menu method and click [[ChromeDriver: chrome on WINDOWS (1b5e6118b18b0e326974b9fe5a21b82a)] -> xpath: //a[text()='Desktops']]
2023-05-15 15:05:608 INFO  ComponentsPage :25 - Get text from components [[ChromeDriver: chrome on WINDOWS (1b5e6118b18b0e326974b9fe5a21b82a)] -> css selector: #content h2]
2023-05-15 15:05:660 INFO  HomePage :41 - Hover on the components and click [[ChromeDriver: chrome on WINDOWS (d614e0e1242b79962754eb7058d599ce)] -> xpath: //a[text()='Components']]
2023-05-15 15:05:615 INFO  HomePage :33 - Call select menu method and click [[ChromeDriver: chrome on WINDOWS (d614e0e1242b79962754eb7058d599ce)] -> xpath: //a[text()='Desktops']]
2023-05-15 15:05:649 INFO  ComponentsPage :25 - Get text from components [[ChromeDriver: chrome on WINDOWS (d614e0e1242b79962754eb7058d599ce)] -> css selector: #content h2]
2023-05-15 15:05:644 INFO  HomePage :41 - Hover on the components and click [[ChromeDriver: chrome on WINDOWS (c76d21fb723145ae9c32eb7dad8e452a)] -> xpath: //a[text()='Components']]
2023-05-15 15:05:243 INFO  HomePage :33 - Call select menu method and click [[ChromeDriver: chrome on WINDOWS (c76d21fb723145ae9c32eb7dad8e452a)] -> xpath: //a[text()='Desktops']]
2023-05-15 15:05:261 INFO  ComponentsPage :25 - Get text from components [[ChromeDriver: chrome on WINDOWS (c76d21fb723145ae9c32eb7dad8e452a)] -> css selector: #content h2]
2023-05-15 15:05:292 INFO  HomePage :29 - Hover on desktop and click [[ChromeDriver: chrome on WINDOWS (4af1c562499426130d110be89f624a5e)] -> xpath: //a[text()='Desktops']]
2023-05-15 15:05:975 INFO  HomePage :33 - Call select menu method and click [[ChromeDriver: chrome on WINDOWS (4af1c562499426130d110be89f624a5e)] -> xpath: //a[text()='Desktops']]
2023-05-15 15:05:57 INFO  DesktopsPage :42 - Click on sort by Dropdown [[ChromeDriver: chrome on WINDOWS (4af1c562499426130d110be89f624a5e)] -> id: input-sort]
2023-05-15 15:05:540 INFO  DesktopsPage :46 - Select name Z to A from dropdown [[ChromeDriver: chrome on WINDOWS (4af1c562499426130d110be89f624a5e)] -> id: input-sort]
2023-05-15 15:05:825 INFO  DesktopsPage :77 - Product is in Descending order [[[ChromeDriver: chrome on WINDOWS (4af1c562499426130d110be89f624a5e)] -> xpath: //h4/a], [[ChromeDriver: chrome on WINDOWS (4af1c562499426130d110be89f624a5e)] -> xpath: //h4/a], [[ChromeDriver: chrome on WINDOWS (4af1c562499426130d110be89f624a5e)] -> xpath: //h4/a], [[ChromeDriver: chrome on WINDOWS (4af1c562499426130d110be89f624a5e)] -> xpath: //h4/a], [[ChromeDriver: chrome on WINDOWS (4af1c562499426130d110be89f624a5e)] -> xpath: //h4/a], [[ChromeDriver: chrome on WINDOWS (4af1c562499426130d110be89f624a5e)] -> xpath: //h4/a], [[ChromeDriver: chrome on WINDOWS (4af1c562499426130d110be89f624a5e)] -> xpath: //h4/a], [[ChromeDriver: chrome on WINDOWS (4af1c562499426130d110be89f624a5e)] -> xpath: //h4/a], [[ChromeDriver: chrome on WINDOWS (4af1c562499426130d110be89f624a5e)] -> xpath: //h4/a], [[ChromeDriver: chrome on WINDOWS (4af1c562499426130d110be89f624a5e)] -> xpath: //h4/a], [[ChromeDriver: chrome on WINDOWS (4af1c562499426130d110be89f624a5e)] -> xpath: //h4/a], [[ChromeDriver: chrome on WINDOWS (4af1c562499426130d110be89f624a5e)] -> xpath: //h4/a]]
2023-05-15 16:05:289 INFO  HomePage :29 - Hover on desktop and click [[ChromeDriver: chrome on WINDOWS (668d95f38104eac926f8407f0bb04b19)] -> xpath: //a[text()='Desktops']]
2023-05-15 16:05:975 INFO  HomePage :33 - Call select menu method and click [[ChromeDriver: chrome on WINDOWS (668d95f38104eac926f8407f0bb04b19)] -> xpath: //a[text()='Desktops']]
2023-05-15 16:05:45 INFO  DesktopsPage :42 - Click on sort by Dropdown [[ChromeDriver: chrome on WINDOWS (668d95f38104eac926f8407f0bb04b19)] -> id: input-sort]
2023-05-15 16:05:529 INFO  DesktopsPage :50 - Select name A to Z from dropdown [[ChromeDriver: chrome on WINDOWS (668d95f38104eac926f8407f0bb04b19)] -> id: input-sort]
2023-05-15 16:05:128 INFO  DesktopsPage :54 - Select product [[ChromeDriver: chrome on WINDOWS (668d95f38104eac926f8407f0bb04b19)] -> xpath: //a[text()='HP LP3065']]
2023-05-15 16:05:157 INFO  HPLP3065Page :46 - Get text [[ChromeDriver: chrome on WINDOWS (668d95f38104eac926f8407f0bb04b19)] -> css selector: #content h1]
2023-05-15 16:05:449 INFO  HPLP3065Page :88 - Select delivery date : [[[ChromeDriver: chrome on WINDOWS (668d95f38104eac926f8407f0bb04b19)] -> xpath: //div[@class = 'datepicker']/div[1]//tbody/tr/td[@class = 'day']], [[ChromeDriver: chrome on WINDOWS (668d95f38104eac926f8407f0bb04b19)] -> xpath: //div[@class = 'datepicker']/div[1]//tbody/tr/td[@class = 'day']], [[ChromeDriver: chrome on WINDOWS (668d95f38104eac926f8407f0bb04b19)] -> xpath: //div[@class = 'datepicker']/div[1]//tbody/tr/td[@class = 'day']], [[ChromeDriver: chrome on WINDOWS (668d95f38104eac926f8407f0bb04b19)] -> xpath: //div[@class = 'datepicker']/div[1]//tbody/tr/td[@class = 'day']], [[ChromeDriver: chrome on WINDOWS (668d95f38104eac926f8407f0bb04b19)] -> xpath: //div[@class = 'datepicker']/div[1]//tbody/tr/td[@class = 'day']], [[ChromeDriver: chrome on WINDOWS (668d95f38104eac926f8407f0bb04b19)] -> xpath: //div[@class = 'datepicker']/div[1]//tbody/tr/td[@class = 'day']], [[ChromeDriver: chrome on WINDOWS (668d95f38104eac926f8407f0bb04b19)] -> xpath: //div[@class = 'datepicker']/div[1]//tbody/tr/td[@class = 'day']], [[ChromeDriver: chrome on WINDOWS (668d95f38104eac926f8407f0bb04b19)] -> xpath: //div[@class = 'datepicker']/div[1]//tbody/tr/td[@class = 'day']], [[ChromeDriver: chrome on WINDOWS (668d95f38104eac926f8407f0bb04b19)] -> xpath: //div[@class = 'datepicker']/div[1]//tbody/tr/td[@class = 'day']], [[ChromeDriver: chrome on WINDOWS (668d95f38104eac926f8407f0bb04b19)] -> xpath: //div[@class = 'datepicker']/div[1]//tbody/tr/td[@class = 'day']], [[ChromeDriver: chrome on WINDOWS (668d95f38104eac926f8407f0bb04b19)] -> xpath: //div[@class = 'datepicker']/div[1]//tbody/tr/td[@class = 'day']], [[ChromeDriver: chrome on WINDOWS (668d95f38104eac926f8407f0bb04b19)] -> xpath: //div[@class = 'datepicker']/div[1]//tbody/tr/td[@class = 'day']], [[ChromeDriver: chrome on WINDOWS (668d95f38104eac926f8407f0bb04b19)] -> xpath: //div[@class = 'datepicker']/div[1]//tbody/tr/td[@class = 'day']], [[ChromeDriver: chrome on WINDOWS (668d95f38104eac926f8407f0bb04b19)] -> xpath: //div[@class = 'datepicker']/div[1]//tbody/tr/td[@class = 'day']], [[ChromeDriver: chrome on WINDOWS (668d95f38104eac926f8407f0bb04b19)] -> xpath: //div[@class = 'datepicker']/div[1]//tbody/tr/td[@class = 'day']], [[ChromeDriver: chrome on WINDOWS (668d95f38104eac926f8407f0bb04b19)] -> xpath: //div[@class = 'datepicker']/div[1]//tbody/tr/td[@class = 'day']], [[ChromeDriver: chrome on WINDOWS (668d95f38104eac926f8407f0bb04b19)] -> xpath: //div[@class = 'datepicker']/div[1]//tbody/tr/td[@class = 'day']], [[ChromeDriver: chrome on WINDOWS (668d95f38104eac926f8407f0bb04b19)] -> xpath: //div[@class = 'datepicker']/div[1]//tbody/tr/td[@class = 'day']], [[ChromeDriver: chrome on WINDOWS (668d95f38104eac926f8407f0bb04b19)] -> xpath: //div[@class = 'datepicker']/div[1]//tbody/tr/td[@class = 'day']], [[ChromeDriver: chrome on WINDOWS (668d95f38104eac926f8407f0bb04b19)] -> xpath: //div[@class = 'datepicker']/div[1]//tbody/tr/td[@class = 'day']], [[ChromeDriver: chrome on WINDOWS (668d95f38104eac926f8407f0bb04b19)] -> xpath: //div[@class = 'datepicker']/div[1]//tbody/tr/td[@class = 'day']], [[ChromeDriver: chrome on WINDOWS (668d95f38104eac926f8407f0bb04b19)] -> xpath: //div[@class = 'datepicker']/div[1]//tbody/tr/td[@class = 'day']], [[ChromeDriver: chrome on WINDOWS (668d95f38104eac926f8407f0bb04b19)] -> xpath: //div[@class = 'datepicker']/div[1]//tbody/tr/td[@class = 'day']], [[ChromeDriver: chrome on WINDOWS (668d95f38104eac926f8407f0bb04b19)] -> xpath: //div[@class = 'datepicker']/div[1]//tbody/tr/td[@class = 'day']], [[ChromeDriver: chrome on WINDOWS (668d95f38104eac926f8407f0bb04b19)] -> xpath: //div[@class = 'datepicker']/div[1]//tbody/tr/td[@class = 'day']], [[ChromeDriver: chrome on WINDOWS (668d95f38104eac926f8407f0bb04b19)] -> xpath: //div[@class = 'datepicker']/div[1]//tbody/tr/td[@class = 'day']], [[ChromeDriver: chrome on WINDOWS (668d95f38104eac926f8407f0bb04b19)] -> xpath: //div[@class = 'datepicker']/div[1]//tbody/tr/td[@class = 'day']], [[ChromeDriver: chrome on WINDOWS (668d95f38104eac926f8407f0bb04b19)] -> xpath: //div[@class = 'datepicker']/div[1]//tbody/tr/td[@class = 'day']], [[ChromeDriver: chrome on WINDOWS (668d95f38104eac926f8407f0bb04b19)] -> xpath: //div[@class = 'datepicker']/div[1]//tbody/tr/td[@class = 'day']], [[ChromeDriver: chrome on WINDOWS (668d95f38104eac926f8407f0bb04b19)] -> xpath: //div[@class = 'datepicker']/div[1]//tbody/tr/td[@class = 'day']]]
2023-05-15 16:05:534 INFO  HPLP3065Page :51 - Enter quantity [[ChromeDriver: chrome on WINDOWS (668d95f38104eac926f8407f0bb04b19)] -> css selector: #input-quantity]
2023-05-15 16:05:627 INFO  HPLP3065Page :55 - Click on add to cart button [[ChromeDriver: chrome on WINDOWS (668d95f38104eac926f8407f0bb04b19)] -> css selector: #button-cart]
2023-05-15 16:05:684 INFO  HPLP3065Page :46 - Get text [[ChromeDriver: chrome on WINDOWS (668d95f38104eac926f8407f0bb04b19)] -> css selector: #content h1]
2023-05-15 16:05:159 INFO  HPLP3065Page :63 - Click on shopping cart link : [[ChromeDriver: chrome on WINDOWS (668d95f38104eac926f8407f0bb04b19)] -> css selector: .alert.alert-success.alert-dismissible a:nth-of-type(2)]
2023-05-15 16:05:177 INFO  HPLP3065Page :46 - Get text [[ChromeDriver: chrome on WINDOWS (668d95f38104eac926f8407f0bb04b19)] -> css selector: #content h1]
2023-05-15 16:05:408 INFO  HomePage :29 - Hover on desktop and click [[ChromeDriver: chrome on WINDOWS (010070ea9f3850764e255353256cbf71)] -> xpath: //a[text()='Desktops']]
2023-05-15 16:05:49 INFO  HomePage :33 - Call select menu method and click [[ChromeDriver: chrome on WINDOWS (010070ea9f3850764e255353256cbf71)] -> xpath: //a[text()='Desktops']]
2023-05-15 16:05:122 INFO  DesktopsPage :42 - Click on sort by Dropdown [[ChromeDriver: chrome on WINDOWS (010070ea9f3850764e255353256cbf71)] -> id: input-sort]
2023-05-15 16:05:584 INFO  DesktopsPage :50 - Select name A to Z from dropdown [[ChromeDriver: chrome on WINDOWS (010070ea9f3850764e255353256cbf71)] -> id: input-sort]
2023-05-15 16:05:167 INFO  DesktopsPage :54 - Select product [[ChromeDriver: chrome on WINDOWS (010070ea9f3850764e255353256cbf71)] -> xpath: //a[text()='HP LP3065']]
2023-05-15 16:05:190 INFO  HPLP3065Page :46 - Get text [[ChromeDriver: chrome on WINDOWS (010070ea9f3850764e255353256cbf71)] -> css selector: #content h1]
2023-05-15 16:05:233 INFO  HPLP3065Page :88 - Select delivery date : [[[ChromeDriver: chrome on WINDOWS (010070ea9f3850764e255353256cbf71)] -> xpath: //div[@class = 'datepicker']/div[1]//tbody/tr/td[@class = 'day']], [[ChromeDriver: chrome on WINDOWS (010070ea9f3850764e255353256cbf71)] -> xpath: //div[@class = 'datepicker']/div[1]//tbody/tr/td[@class = 'day']], [[ChromeDriver: chrome on WINDOWS (010070ea9f3850764e255353256cbf71)] -> xpath: //div[@class = 'datepicker']/div[1]//tbody/tr/td[@class = 'day']], [[ChromeDriver: chrome on WINDOWS (010070ea9f3850764e255353256cbf71)] -> xpath: //div[@class = 'datepicker']/div[1]//tbody/tr/td[@class = 'day']], [[ChromeDriver: chrome on WINDOWS (010070ea9f3850764e255353256cbf71)] -> xpath: //div[@class = 'datepicker']/div[1]//tbody/tr/td[@class = 'day']], [[ChromeDriver: chrome on WINDOWS (010070ea9f3850764e255353256cbf71)] -> xpath: //div[@class = 'datepicker']/div[1]//tbody/tr/td[@class = 'day']], [[ChromeDriver: chrome on WINDOWS (010070ea9f3850764e255353256cbf71)] -> xpath: //div[@class = 'datepicker']/div[1]//tbody/tr/td[@class = 'day']], [[ChromeDriver: chrome on WINDOWS (010070ea9f3850764e255353256cbf71)] -> xpath: //div[@class = 'datepicker']/div[1]//tbody/tr/td[@class = 'day']], [[ChromeDriver: chrome on WINDOWS (010070ea9f3850764e255353256cbf71)] -> xpath: //div[@class = 'datepicker']/div[1]//tbody/tr/td[@class = 'day']], [[ChromeDriver: chrome on WINDOWS (010070ea9f3850764e255353256cbf71)] -> xpath: //div[@class = 'datepicker']/div[1]//tbody/tr/td[@class = 'day']], [[ChromeDriver: chrome on WINDOWS (010070ea9f3850764e255353256cbf71)] -> xpath: //div[@class = 'datepicker']/div[1]//tbody/tr/td[@class = 'day']], [[ChromeDriver: chrome on WINDOWS (010070ea9f3850764e255353256cbf71)] -> xpath: //div[@class = 'datepicker']/div[1]//tbody/tr/td[@class = 'day']], [[ChromeDriver: chrome on WINDOWS (010070ea9f3850764e255353256cbf71)] -> xpath: //div[@class = 'datepicker']/div[1]//tbody/tr/td[@class = 'day']], [[ChromeDriver: chrome on WINDOWS (010070ea9f3850764e255353256cbf71)] -> xpath: //div[@class = 'datepicker']/div[1]//tbody/tr/td[@class = 'day']], [[ChromeDriver: chrome on WINDOWS (010070ea9f3850764e255353256cbf71)] -> xpath: //div[@class = 'datepicker']/div[1]//tbody/tr/td[@class = 'day']], [[ChromeDriver: chrome on WINDOWS (010070ea9f3850764e255353256cbf71)] -> xpath: //div[@class = 'datepicker']/div[1]//tbody/tr/td[@class = 'day']], [[ChromeDriver: chrome on WINDOWS (010070ea9f3850764e255353256cbf71)] -> xpath: //div[@class = 'datepicker']/div[1]//tbody/tr/td[@class = 'day']], [[ChromeDriver: chrome on WINDOWS (010070ea9f3850764e255353256cbf71)] -> xpath: //div[@class = 'datepicker']/div[1]//tbody/tr/td[@class = 'day']], [[ChromeDriver: chrome on WINDOWS (010070ea9f3850764e255353256cbf71)] -> xpath: //div[@class = 'datepicker']/div[1]//tbody/tr/td[@class = 'day']], [[ChromeDriver: chrome on WINDOWS (010070ea9f3850764e255353256cbf71)] -> xpath: //div[@class = 'datepicker']/div[1]//tbody/tr/td[@class = 'day']], [[ChromeDriver: chrome on WINDOWS (010070ea9f3850764e255353256cbf71)] -> xpath: //div[@class = 'datepicker']/div[1]//tbody/tr/td[@class = 'day']], [[ChromeDriver: chrome on WINDOWS (010070ea9f3850764e255353256cbf71)] -> xpath: //div[@class = 'datepicker']/div[1]//tbody/tr/td[@class = 'day']], [[ChromeDriver: chrome on WINDOWS (010070ea9f3850764e255353256cbf71)] -> xpath: //div[@class = 'datepicker']/div[1]//tbody/tr/td[@class = 'day']], [[ChromeDriver: chrome on WINDOWS (010070ea9f3850764e255353256cbf71)] -> xpath: //div[@class = 'datepicker']/div[1]//tbody/tr/td[@class = 'day']], [[ChromeDriver: chrome on WINDOWS (010070ea9f3850764e255353256cbf71)] -> xpath: //div[@class = 'datepicker']/div[1]//tbody/tr/td[@class = 'day']], [[ChromeDriver: chrome on WINDOWS (010070ea9f3850764e255353256cbf71)] -> xpath: //div[@class = 'datepicker']/div[1]//tbody/tr/td[@class = 'day']], [[ChromeDriver: chrome on WINDOWS (010070ea9f3850764e255353256cbf71)] -> xpath: //div[@class = 'datepicker']/div[1]//tbody/tr/td[@class = 'day']], [[ChromeDriver: chrome on WINDOWS (010070ea9f3850764e255353256cbf71)] -> xpath: //div[@class = 'datepicker']/div[1]//tbody/tr/td[@class = 'day']], [[ChromeDriver: chrome on WINDOWS (010070ea9f3850764e255353256cbf71)] -> xpath: //div[@class = 'datepicker']/div[1]//tbody/tr/td[@class = 'day']], [[ChromeDriver: chrome on WINDOWS (010070ea9f3850764e255353256cbf71)] -> xpath: //div[@class = 'datepicker']/div[1]//tbody/tr/td[@class = 'day']]]
2023-05-15 16:05:309 INFO  HPLP3065Page :51 - Enter quantity [[ChromeDriver: chrome on WINDOWS (010070ea9f3850764e255353256cbf71)] -> css selector: #input-quantity]
2023-05-15 16:05:392 INFO  HPLP3065Page :55 - Click on add to cart button [[ChromeDriver: chrome on WINDOWS (010070ea9f3850764e255353256cbf71)] -> css selector: #button-cart]
2023-05-15 16:05:436 INFO  HPLP3065Page :46 - Get text [[ChromeDriver: chrome on WINDOWS (010070ea9f3850764e255353256cbf71)] -> css selector: #content h1]
2023-05-15 16:05:415 INFO  HPLP3065Page :63 - Click on shopping cart link : [[ChromeDriver: chrome on WINDOWS (010070ea9f3850764e255353256cbf71)] -> css selector: .alert.alert-success.alert-dismissible a:nth-of-type(2)]
2023-05-15 16:05:454 INFO  ShoppingCartPage :106 - Get text shopping cart : [[ChromeDriver: chrome on WINDOWS (010070ea9f3850764e255353256cbf71)] -> css selector: #content>h1]
2023-05-15 16:05:991 INFO  HomePage :29 - Hover on desktop and click [[ChromeDriver: chrome on WINDOWS (56e2cd839a1161e5b659fab2f5fba4a6)] -> xpath: //a[text()='Desktops']]
2023-05-15 16:05:642 INFO  HomePage :33 - Call select menu method and click [[ChromeDriver: chrome on WINDOWS (56e2cd839a1161e5b659fab2f5fba4a6)] -> xpath: //a[text()='Desktops']]
2023-05-15 16:05:724 INFO  DesktopsPage :42 - Click on sort by Dropdown [[ChromeDriver: chrome on WINDOWS (56e2cd839a1161e5b659fab2f5fba4a6)] -> id: input-sort]
2023-05-15 16:05:213 INFO  DesktopsPage :50 - Select name A to Z from dropdown [[ChromeDriver: chrome on WINDOWS (56e2cd839a1161e5b659fab2f5fba4a6)] -> id: input-sort]
2023-05-15 16:05:260 INFO  DesktopsPage :54 - Select product [[ChromeDriver: chrome on WINDOWS (56e2cd839a1161e5b659fab2f5fba4a6)] -> xpath: //a[text()='HP LP3065']]
2023-05-15 16:05:285 INFO  HPLP3065Page :46 - Get text [[ChromeDriver: chrome on WINDOWS (56e2cd839a1161e5b659fab2f5fba4a6)] -> css selector: #content h1]
2023-05-15 16:05:772 INFO  HPLP3065Page :88 - Select delivery date : [[[ChromeDriver: chrome on WINDOWS (56e2cd839a1161e5b659fab2f5fba4a6)] -> xpath: //div[@class = 'datepicker']/div[1]//tbody/tr/td[@class = 'day']], [[ChromeDriver: chrome on WINDOWS (56e2cd839a1161e5b659fab2f5fba4a6)] -> xpath: //div[@class = 'datepicker']/div[1]//tbody/tr/td[@class = 'day']], [[ChromeDriver: chrome on WINDOWS (56e2cd839a1161e5b659fab2f5fba4a6)] -> xpath: //div[@class = 'datepicker']/div[1]//tbody/tr/td[@class = 'day']], [[ChromeDriver: chrome on WINDOWS (56e2cd839a1161e5b659fab2f5fba4a6)] -> xpath: //div[@class = 'datepicker']/div[1]//tbody/tr/td[@class = 'day']], [[ChromeDriver: chrome on WINDOWS (56e2cd839a1161e5b659fab2f5fba4a6)] -> xpath: //div[@class = 'datepicker']/div[1]//tbody/tr/td[@class = 'day']], [[ChromeDriver: chrome on WINDOWS (56e2cd839a1161e5b659fab2f5fba4a6)] -> xpath: //div[@class = 'datepicker']/div[1]//tbody/tr/td[@class = 'day']], [[ChromeDriver: chrome on WINDOWS (56e2cd839a1161e5b659fab2f5fba4a6)] -> xpath: //div[@class = 'datepicker']/div[1]//tbody/tr/td[@class = 'day']], [[ChromeDriver: chrome on WINDOWS (56e2cd839a1161e5b659fab2f5fba4a6)] -> xpath: //div[@class = 'datepicker']/div[1]//tbody/tr/td[@class = 'day']], [[ChromeDriver: chrome on WINDOWS (56e2cd839a1161e5b659fab2f5fba4a6)] -> xpath: //div[@class = 'datepicker']/div[1]//tbody/tr/td[@class = 'day']], [[ChromeDriver: chrome on WINDOWS (56e2cd839a1161e5b659fab2f5fba4a6)] -> xpath: //div[@class = 'datepicker']/div[1]//tbody/tr/td[@class = 'day']], [[ChromeDriver: chrome on WINDOWS (56e2cd839a1161e5b659fab2f5fba4a6)] -> xpath: //div[@class = 'datepicker']/div[1]//tbody/tr/td[@class = 'day']], [[ChromeDriver: chrome on WINDOWS (56e2cd839a1161e5b659fab2f5fba4a6)] -> xpath: //div[@class = 'datepicker']/div[1]//tbody/tr/td[@class = 'day']], [[ChromeDriver: chrome on WINDOWS (56e2cd839a1161e5b659fab2f5fba4a6)] -> xpath: //div[@class = 'datepicker']/div[1]//tbody/tr/td[@class = 'day']], [[ChromeDriver: chrome on WINDOWS (56e2cd839a1161e5b659fab2f5fba4a6)] -> xpath: //div[@class = 'datepicker']/div[1]//tbody/tr/td[@class = 'day']], [[ChromeDriver: chrome on WINDOWS (56e2cd839a1161e5b659fab2f5fba4a6)] -> xpath: //div[@class = 'datepicker']/div[1]//tbody/tr/td[@class = 'day']], [[ChromeDriver: chrome on WINDOWS (56e2cd839a1161e5b659fab2f5fba4a6)] -> xpath: //div[@class = 'datepicker']/div[1]//tbody/tr/td[@class = 'day']], [[ChromeDriver: chrome on WINDOWS (56e2cd839a1161e5b659fab2f5fba4a6)] -> xpath: //div[@class = 'datepicker']/div[1]//tbody/tr/td[@class = 'day']], [[ChromeDriver: chrome on WINDOWS (56e2cd839a1161e5b659fab2f5fba4a6)] -> xpath: //div[@class = 'datepicker']/div[1]//tbody/tr/td[@class = 'day']], [[ChromeDriver: chrome on WINDOWS (56e2cd839a1161e5b659fab2f5fba4a6)] -> xpath: //div[@class = 'datepicker']/div[1]//tbody/tr/td[@class = 'day']], [[ChromeDriver: chrome on WINDOWS (56e2cd839a1161e5b659fab2f5fba4a6)] -> xpath: //div[@class = 'datepicker']/div[1]//tbody/tr/td[@class = 'day']], [[ChromeDriver: chrome on WINDOWS (56e2cd839a1161e5b659fab2f5fba4a6)] -> xpath: //div[@class = 'datepicker']/div[1]//tbody/tr/td[@class = 'day']], [[ChromeDriver: chrome on WINDOWS (56e2cd839a1161e5b659fab2f5fba4a6)] -> xpath: //div[@class = 'datepicker']/div[1]//tbody/tr/td[@class = 'day']], [[ChromeDriver: chrome on WINDOWS (56e2cd839a1161e5b659fab2f5fba4a6)] -> xpath: //div[@class = 'datepicker']/div[1]//tbody/tr/td[@class = 'day']], [[ChromeDriver: chrome on WINDOWS (56e2cd839a1161e5b659fab2f5fba4a6)] -> xpath: //div[@class = 'datepicker']/div[1]//tbody/tr/td[@class = 'day']], [[ChromeDriver: chrome on WINDOWS (56e2cd839a1161e5b659fab2f5fba4a6)] -> xpath: //div[@class = 'datepicker']/div[1]//tbody/tr/td[@class = 'day']], [[ChromeDriver: chrome on WINDOWS (56e2cd839a1161e5b659fab2f5fba4a6)] -> xpath: //div[@class = 'datepicker']/div[1]//tbody/tr/td[@class = 'day']], [[ChromeDriver: chrome on WINDOWS (56e2cd839a1161e5b659fab2f5fba4a6)] -> xpath: //div[@class = 'datepicker']/div[1]//tbody/tr/td[@class = 'day']], [[ChromeDriver: chrome on WINDOWS (56e2cd839a1161e5b659fab2f5fba4a6)] -> xpath: //div[@class = 'datepicker']/div[1]//tbody/tr/td[@class = 'day']], [[ChromeDriver: chrome on WINDOWS (56e2cd839a1161e5b659fab2f5fba4a6)] -> xpath: //div[@class = 'datepicker']/div[1]//tbody/tr/td[@class = 'day']], [[ChromeDriver: chrome on WINDOWS (56e2cd839a1161e5b659fab2f5fba4a6)] -> xpath: //div[@class = 'datepicker']/div[1]//tbody/tr/td[@class = 'day']]]
2023-05-15 16:05:854 INFO  HPLP3065Page :51 - Enter quantity [[ChromeDriver: chrome on WINDOWS (56e2cd839a1161e5b659fab2f5fba4a6)] -> css selector: #input-quantity]
2023-05-15 16:05:953 INFO  HPLP3065Page :55 - Click on add to cart button [[ChromeDriver: chrome on WINDOWS (56e2cd839a1161e5b659fab2f5fba4a6)] -> css selector: #button-cart]
2023-05-15 16:05:973 INFO  HPLP3065Page :46 - Get text [[ChromeDriver: chrome on WINDOWS (56e2cd839a1161e5b659fab2f5fba4a6)] -> css selector: #content h1]
2023-05-15 16:05:30 INFO  HPLP3065Page :63 - Click on shopping cart link : [[ChromeDriver: chrome on WINDOWS (56e2cd839a1161e5b659fab2f5fba4a6)] -> css selector: .alert.alert-success.alert-dismissible a:nth-of-type(2)]
2023-05-15 16:05:83 INFO  ShoppingCartPage :106 - Get text shopping cart : [[ChromeDriver: chrome on WINDOWS (56e2cd839a1161e5b659fab2f5fba4a6)] -> css selector: #content>h1]
2023-05-15 16:05:130 INFO  ShoppingCartPage :111 - Get text product name : [[ChromeDriver: chrome on WINDOWS (56e2cd839a1161e5b659fab2f5fba4a6)] -> css selector: body > div:nth-child(4) > div:nth-child(2) > div:nth-child(1) > form:nth-child(2) > div:nth-child(1) > table:nth-child(1) > tbody:nth-child(2) > tr:nth-child(1) > td:nth-child(2) > a:nth-child(1)]
2023-05-15 16:05:161 INFO  ShoppingCartPage :116 - Get text delivery date : [[ChromeDriver: chrome on WINDOWS (56e2cd839a1161e5b659fab2f5fba4a6)] -> xpath: //small[text()='Delivery Date:2022-11-30']]
2023-05-15 16:05:196 INFO  ShoppingCartPage :121 - Get text model [[ChromeDriver: chrome on WINDOWS (56e2cd839a1161e5b659fab2f5fba4a6)] -> xpath: //td[text()='Product 21']]
2023-05-15 16:05:239 INFO  ShoppingCartPage :126 - Get text total [[ChromeDriver: chrome on WINDOWS (56e2cd839a1161e5b659fab2f5fba4a6)] -> css selector: #content > div.row > div > table > tbody > tr:nth-child(4) > td:nth-child(2)]
2023-05-15 16:05:534 INFO  HomePage :37 - Hover on the laptops and notebooks and click [[ChromeDriver: chrome on WINDOWS (58b07db6401e9022dc1e8acd5fc2e3b2)] -> xpath: //a[text()='Laptops & Notebooks']]
2023-05-15 16:05:106 INFO  HomePage :33 - Call select menu method and click [[ChromeDriver: chrome on WINDOWS (58b07db6401e9022dc1e8acd5fc2e3b2)] -> xpath: //a[text()='Desktops']]
2023-05-15 16:05:208 INFO  LaptopsAndNotebooksPage :42 - Click on sort by dropdown [[ChromeDriver: chrome on WINDOWS (58b07db6401e9022dc1e8acd5fc2e3b2)] -> id: input-sort]
2023-05-15 16:05:652 INFO  LaptopsAndNotebooksPage :46 - Select price high to low [[ChromeDriver: chrome on WINDOWS (58b07db6401e9022dc1e8acd5fc2e3b2)] -> id: input-sort]
2023-05-15 16:05:833 INFO  LaptopsAndNotebooksPage :73 - Select product macbook [2000.0, 1202.0, 1202.0, 602.0, 122.0]
2023-05-15 17:05:251 INFO  HomePage :37 - Hover on the laptops and notebooks and click [[ChromeDriver: chrome on WINDOWS (b4f37e5bc83a4ed79577b694d685ee97)] -> xpath: //a[text()='Laptops & Notebooks']]
2023-05-15 17:05:881 INFO  HomePage :33 - Call select menu method and click [[ChromeDriver: chrome on WINDOWS (b4f37e5bc83a4ed79577b694d685ee97)] -> xpath: //a[text()='Desktops']]
2023-05-15 17:05:27 INFO  LaptopsAndNotebooksPage :42 - Click on sort by dropdown [[ChromeDriver: chrome on WINDOWS (b4f37e5bc83a4ed79577b694d685ee97)] -> id: input-sort]
2023-05-15 17:05:518 INFO  LaptopsAndNotebooksPage :46 - Select price high to low [[ChromeDriver: chrome on WINDOWS (b4f37e5bc83a4ed79577b694d685ee97)] -> id: input-sort]
2023-05-15 17:05:80 INFO  LaptopsAndNotebooksPage :50 - Select product macbook [[ChromeDriver: chrome on WINDOWS (b4f37e5bc83a4ed79577b694d685ee97)] -> xpath: //a[text()='MacBook']]
2023-05-15 17:05:112 INFO  MacBookPage :33 - Get text macbook [[ChromeDriver: chrome on WINDOWS (b4f37e5bc83a4ed79577b694d685ee97)] -> xpath: //h1[text()='MacBook']]
2023-05-15 17:05:200 INFO  MacBookPage :38 - Click on add to cart button [[ChromeDriver: chrome on WINDOWS (b4f37e5bc83a4ed79577b694d685ee97)] -> css selector: #button-cart]
2023-05-15 17:05:435 INFO  MacBookPage :41 - Get text success [[ChromeDriver: chrome on WINDOWS (b4f37e5bc83a4ed79577b694d685ee97)] -> css selector: .alert.alert-success.alert-dismissible]
2023-05-15 17:05:941 INFO  MacBookPage :46 - Click link shopping cart [[ChromeDriver: chrome on WINDOWS (b4f37e5bc83a4ed79577b694d685ee97)] -> css selector: .alert.alert-success.alert-dismissible a:nth-of-type(2)]
2023-05-15 17:05:980 INFO  ShoppingCartPage :106 - Get text shopping cart : [[ChromeDriver: chrome on WINDOWS (b4f37e5bc83a4ed79577b694d685ee97)] -> css selector: #content>h1]
2023-05-15 17:05:321 INFO  HomePage :37 - Hover on the laptops and notebooks and click [[ChromeDriver: chrome on WINDOWS (87d372ec7ddb33c70048895162a0c2ed)] -> xpath: //a[text()='Laptops & Notebooks']]
2023-05-15 17:05:935 INFO  HomePage :33 - Call select menu method and click [[ChromeDriver: chrome on WINDOWS (87d372ec7ddb33c70048895162a0c2ed)] -> xpath: //a[text()='Desktops']]
2023-05-15 17:05:10 INFO  LaptopsAndNotebooksPage :42 - Click on sort by dropdown [[ChromeDriver: chrome on WINDOWS (87d372ec7ddb33c70048895162a0c2ed)] -> id: input-sort]
2023-05-15 17:05:840 INFO  LaptopsAndNotebooksPage :46 - Select price high to low [[ChromeDriver: chrome on WINDOWS (87d372ec7ddb33c70048895162a0c2ed)] -> id: input-sort]
2023-05-15 17:05:87 INFO  LaptopsAndNotebooksPage :50 - Select product macbook [[ChromeDriver: chrome on WINDOWS (87d372ec7ddb33c70048895162a0c2ed)] -> xpath: //a[text()='MacBook']]
2023-05-15 17:05:108 INFO  MacBookPage :33 - Get text macbook [[ChromeDriver: chrome on WINDOWS (87d372ec7ddb33c70048895162a0c2ed)] -> xpath: //h1[text()='MacBook']]
2023-05-15 17:05:230 INFO  MacBookPage :38 - Click on add to cart button [[ChromeDriver: chrome on WINDOWS (87d372ec7ddb33c70048895162a0c2ed)] -> css selector: #button-cart]
2023-05-15 17:05:440 INFO  MacBookPage :41 - Get text success [[ChromeDriver: chrome on WINDOWS (87d372ec7ddb33c70048895162a0c2ed)] -> css selector: .alert.alert-success.alert-dismissible]
2023-05-15 17:05:955 INFO  MacBookPage :46 - Click link shopping cart [[ChromeDriver: chrome on WINDOWS (87d372ec7ddb33c70048895162a0c2ed)] -> css selector: .alert.alert-success.alert-dismissible a:nth-of-type(2)]
2023-05-15 17:05:05 INFO  ShoppingCartPage :106 - Get text shopping cart : [[ChromeDriver: chrome on WINDOWS (87d372ec7ddb33c70048895162a0c2ed)] -> css selector: #content>h1]
2023-05-15 17:05:46 INFO  ShoppingCartPage :131 - Get text MacBook [[ChromeDriver: chrome on WINDOWS (87d372ec7ddb33c70048895162a0c2ed)] -> css selector: body > div:nth-child(4) > div:nth-child(2) > div:nth-child(1) > form:nth-child(2) > div:nth-child(1) > table:nth-child(1) > tbody:nth-child(2) > tr:nth-child(1) > td:nth-child(2) > a:nth-child(1)]
2023-05-15 17:05:182 INFO  ShoppingCartPage :137 - Change Quantity [[ChromeDriver: chrome on WINDOWS (87d372ec7ddb33c70048895162a0c2ed)] -> css selector: div.input-group.btn-block>input]
2023-05-15 17:05:755 INFO  ShoppingCartPage :142 - Click on update tab [[ChromeDriver: chrome on WINDOWS (87d372ec7ddb33c70048895162a0c2ed)] -> css selector: .fa.fa-refresh]
2023-05-15 17:05:795 INFO  ShoppingCartPage :146 - get text message [[ChromeDriver: chrome on WINDOWS (87d372ec7ddb33c70048895162a0c2ed)] -> css selector: .alert.alert-success.alert-dismissible]
2023-05-15 17:05:840 INFO  ShoppingCartPage :151 - Get text total [[ChromeDriver: chrome on WINDOWS (87d372ec7ddb33c70048895162a0c2ed)] -> css selector: #content > div.row > div > table > tbody > tr:nth-child(4) > td:nth-child(2)]
2023-05-15 17:05:256 INFO  ShoppingCartPage :157 - Click on check out button [[ChromeDriver: chrome on WINDOWS (87d372ec7ddb33c70048895162a0c2ed)] -> css selector: a.btn.btn-primary]
2023-05-15 17:05:296 INFO  ShoppingCartPage :161 - Get text Check out [[ChromeDriver: chrome on WINDOWS (87d372ec7ddb33c70048895162a0c2ed)] -> xpath: //h1[text()='Checkout']]
2023-05-15 17:05:466 INFO  ShoppingCartPage :166 - Get text new customer [[ChromeDriver: chrome on WINDOWS (87d372ec7ddb33c70048895162a0c2ed)] -> xpath: //h2[text()='New Customer']]
2023-05-15 17:05:522 INFO  HomePage :37 - Hover on the laptops and notebooks and click [[ChromeDriver: chrome on WINDOWS (83588a630d921aa53fccf0ac4ae19fc5)] -> xpath: //a[text()='Laptops & Notebooks']]
2023-05-15 17:05:115 INFO  HomePage :33 - Call select menu method and click [[ChromeDriver: chrome on WINDOWS (83588a630d921aa53fccf0ac4ae19fc5)] -> xpath: //a[text()='Desktops']]
2023-05-15 17:05:191 INFO  LaptopsAndNotebooksPage :42 - Click on sort by dropdown [[ChromeDriver: chrome on WINDOWS (83588a630d921aa53fccf0ac4ae19fc5)] -> id: input-sort]
2023-05-15 17:05:630 INFO  LaptopsAndNotebooksPage :46 - Select price high to low [[ChromeDriver: chrome on WINDOWS (83588a630d921aa53fccf0ac4ae19fc5)] -> id: input-sort]
2023-05-15 17:05:877 INFO  LaptopsAndNotebooksPage :50 - Select product macbook [[ChromeDriver: chrome on WINDOWS (83588a630d921aa53fccf0ac4ae19fc5)] -> xpath: //a[text()='MacBook']]
2023-05-15 17:05:905 INFO  MacBookPage :33 - Get text macbook [[ChromeDriver: chrome on WINDOWS (83588a630d921aa53fccf0ac4ae19fc5)] -> xpath: //h1[text()='MacBook']]
2023-05-15 17:05:986 INFO  MacBookPage :38 - Click on add to cart button [[ChromeDriver: chrome on WINDOWS (83588a630d921aa53fccf0ac4ae19fc5)] -> css selector: #button-cart]
2023-05-15 17:05:236 INFO  MacBookPage :41 - Get text success [[ChromeDriver: chrome on WINDOWS (83588a630d921aa53fccf0ac4ae19fc5)] -> css selector: .alert.alert-success.alert-dismissible]
2023-05-15 17:05:720 INFO  MacBookPage :46 - Click link shopping cart [[ChromeDriver: chrome on WINDOWS (83588a630d921aa53fccf0ac4ae19fc5)] -> css selector: .alert.alert-success.alert-dismissible a:nth-of-type(2)]
2023-05-15 17:05:762 INFO  ShoppingCartPage :106 - Get text shopping cart : [[ChromeDriver: chrome on WINDOWS (83588a630d921aa53fccf0ac4ae19fc5)] -> css selector: #content>h1]
2023-05-15 17:05:801 INFO  ShoppingCartPage :131 - Get text MacBook [[ChromeDriver: chrome on WINDOWS (83588a630d921aa53fccf0ac4ae19fc5)] -> css selector: body > div:nth-child(4) > div:nth-child(2) > div:nth-child(1) > form:nth-child(2) > div:nth-child(1) > table:nth-child(1) > tbody:nth-child(2) > tr:nth-child(1) > td:nth-child(2) > a:nth-child(1)]
2023-05-15 17:05:897 INFO  ShoppingCartPage :137 - Change Quantity [[ChromeDriver: chrome on WINDOWS (83588a630d921aa53fccf0ac4ae19fc5)] -> css selector: div.input-group.btn-block>input]
2023-05-15 17:05:447 INFO  ShoppingCartPage :142 - Click on update tab [[ChromeDriver: chrome on WINDOWS (83588a630d921aa53fccf0ac4ae19fc5)] -> css selector: .fa.fa-refresh]
2023-05-15 17:05:477 INFO  ShoppingCartPage :146 - get text message [[ChromeDriver: chrome on WINDOWS (83588a630d921aa53fccf0ac4ae19fc5)] -> css selector: .alert.alert-success.alert-dismissible]
2023-05-15 17:05:507 INFO  ShoppingCartPage :151 - Get text total [[ChromeDriver: chrome on WINDOWS (83588a630d921aa53fccf0ac4ae19fc5)] -> css selector: #content > div.row > div > table > tbody > tr:nth-child(4) > td:nth-child(2)]
2023-05-15 17:05:886 INFO  ShoppingCartPage :157 - Click on check out button [[ChromeDriver: chrome on WINDOWS (83588a630d921aa53fccf0ac4ae19fc5)] -> css selector: a.btn.btn-primary]
2023-05-15 17:05:924 INFO  ShoppingCartPage :161 - Get text Check out [[ChromeDriver: chrome on WINDOWS (83588a630d921aa53fccf0ac4ae19fc5)] -> xpath: //h1[text()='Checkout']]
2023-05-15 17:05:967 INFO  ShoppingCartPage :166 - Get text new customer [[ChromeDriver: chrome on WINDOWS (83588a630d921aa53fccf0ac4ae19fc5)] -> xpath: //h2[text()='New Customer']]
2023-05-15 17:05:38 INFO  ShoppingCartPage :172 - Click on guest check out radio [[ChromeDriver: chrome on WINDOWS (83588a630d921aa53fccf0ac4ae19fc5)] -> css selector: input[value='guest']]
2023-05-15 17:05:122 INFO  ShoppingCartPage :177 - Click on continue button [[ChromeDriver: chrome on WINDOWS (83588a630d921aa53fccf0ac4ae19fc5)] -> css selector: #button-account]
2023-05-15 17:05:549 INFO  ShoppingCartPage :189 - Mandatory fields 
2023-05-15 17:05:612 INFO  ShoppingCartPage :194 - Click on continue button [[ChromeDriver: chrome on WINDOWS (83588a630d921aa53fccf0ac4ae19fc5)] -> css selector: #button-guest]
2023-05-15 17:05:204 INFO  ShoppingCartPage :199 - Add comments about order [[ChromeDriver: chrome on WINDOWS (83588a630d921aa53fccf0ac4ae19fc5)] -> css selector: textarea[name='comment']]
2023-05-15 17:05:255 INFO  ShoppingCartPage :204 - Click on terms and condition checkbox [[ChromeDriver: chrome on WINDOWS (83588a630d921aa53fccf0ac4ae19fc5)] -> css selector: input[type='checkbox']]
2023-05-15 17:05:442 INFO  ShoppingCartPage :209 - Click on continue button [[ChromeDriver: chrome on WINDOWS (83588a630d921aa53fccf0ac4ae19fc5)] -> css selector: #button-payment-method]
2023-05-15 17:05:31 INFO  ShoppingCartPage :213 - Get text warning message [[ChromeDriver: chrome on WINDOWS (83588a630d921aa53fccf0ac4ae19fc5)] -> css selector: .alert.alert-danger.alert-dismissible]
2023-05-15 19:05:314 INFO  MyAccountsPage :80 - Click on my account link [[ChromeDriver: chrome on WINDOWS (556ead1472add1fb137dfa32836779ce)] -> xpath: //span[text()='My Account']]
2023-05-15 19:05:710 INFO  MyAccountsPage :84 - Select my account option 
2023-05-15 19:05:752 INFO  MyAccountsPage :91 - Get text from element [[ChromeDriver: chrome on WINDOWS (556ead1472add1fb137dfa32836779ce)] -> css selector: #content h1]
2023-05-15 19:05:440 INFO  MyAccountsPage :80 - Click on my account link [[ChromeDriver: chrome on WINDOWS (8d28fa1d24cd9e08f4005619d75b573e)] -> xpath: //span[text()='My Account']]
2023-05-15 19:05:137 INFO  MyAccountsPage :84 - Select my account option 
2023-05-15 19:05:911 INFO  MyAccountsPage :99 - Get text returning customer Proxy element for: DefaultElementLocator 'By.cssSelector: #content > div > div:nth-child(2) > div > h2'
2023-05-15 19:05:293 INFO  MyAccountsPage :80 - Click on my account link [[ChromeDriver: chrome on WINDOWS (fe36f9cd4f454b39a63501bad0b7c49b)] -> xpath: //span[text()='My Account']]
2023-05-15 19:05:905 INFO  MyAccountsPage :84 - Select my account option 
2023-05-15 19:05:957 INFO  MyAccountsPage :99 - Get text returning customer Proxy element for: DefaultElementLocator 'By.cssSelector: #content > div > div:nth-child(2) > div > h2'
2023-05-15 19:05:920 INFO  MyAccountsPage :80 - Click on my account link [[ChromeDriver: chrome on WINDOWS (af85c6fac406b81ce9e8f9e51e4f9ca2)] -> xpath: //span[text()='My Account']]
2023-05-15 19:05:365 INFO  MyAccountsPage :96 - Select my account Login 
2023-05-15 19:05:401 INFO  MyAccountsPage :99 - Get text returning customer [[ChromeDriver: chrome on WINDOWS (af85c6fac406b81ce9e8f9e51e4f9ca2)] -> css selector: #content > div > div:nth-child(2) > div > h2]
2023-05-15 19:05:152 INFO  MyAccountsPage :80 - Click on my account link [[ChromeDriver: chrome on WINDOWS (712f62818229924f9f91c977bb577fbd)] -> xpath: //span[text()='My Account']]
2023-05-15 19:05:933 INFO  MyAccountsPage :84 - Select my account option 
2023-05-15 21:05:75 INFO  MyAccountsPage :80 - Click on my account link [[ChromeDriver: chrome on WINDOWS (bc1537d602242aaf70c8da6b0606e4be)] -> xpath: //span[text()='My Account']]
2023-05-15 21:05:764 INFO  MyAccountsPage :84 - Select my account option 
2023-05-15 21:05:866 INFO  MyAccountsPage :112 - All the information 
2023-05-15 21:05:788 INFO  MyAccountsPage :121 - Get text account created : Proxy element for: DefaultElementLocator 'By.xpath: //h1[text()='Your Account Has Been Created!']'
2023-05-15 21:05:49 INFO  MyAccountsPage :80 - Click on my account link [[ChromeDriver: chrome on WINDOWS (3802aa6daf519726ac5bd5b5466f9e10)] -> xpath: //span[text()='My Account']]
2023-05-15 21:05:678 INFO  MyAccountsPage :84 - Select my account option 
2023-05-15 21:05:890 INFO  MyAccountsPage :112 - All the information 
2023-05-15 21:05:936 INFO  MyAccountsPage :121 - Get text account created : [[ChromeDriver: chrome on WINDOWS (3802aa6daf519726ac5bd5b5466f9e10)] -> xpath: //h1[text()='Your Account Has Been Created!']]
2023-05-15 21:05:303 INFO  MyAccountsPage :126 - Click on continue button [[ChromeDriver: chrome on WINDOWS (3802aa6daf519726ac5bd5b5466f9e10)] -> css selector: a[class='btn btn-primary']]
2023-05-15 21:05:381 INFO  MyAccountsPage :80 - Click on my account link [[ChromeDriver: chrome on WINDOWS (3802aa6daf519726ac5bd5b5466f9e10)] -> xpath: //span[text()='My Account']]
2023-05-15 21:05:953 INFO  MyAccountsPage :88 - Select my account logout option 
2023-05-15 21:05:996 INFO  MyAccountsPage :129 - Get text Account log out [[ChromeDriver: chrome on WINDOWS (3802aa6daf519726ac5bd5b5466f9e10)] -> xpath: //h1[text()='Account Logout']]
2023-05-15 21:05:398 INFO  MyAccountsPage :134 - Click on continue button [[ChromeDriver: chrome on WINDOWS (3802aa6daf519726ac5bd5b5466f9e10)] -> css selector: .btn.btn-primary]
2023-05-15 21:05:839 INFO  MyAccountsPage :80 - Click on my account link [[ChromeDriver: chrome on WINDOWS (b7259876d794dacbb8108b688457ecb1)] -> xpath: //span[text()='My Account']]
2023-05-15 21:05:716 INFO  MyAccountsPage :84 - Select my account option 
2023-05-15 21:05:304 INFO  MyAccountsPage :80 - Click on my account link [[ChromeDriver: chrome on WINDOWS (6da59a84f8aea82955929e71f3c9df61)] -> xpath: //span[text()='My Account']]
2023-05-15 21:05:922 INFO  MyAccountsPage :84 - Select my account option 
2023-05-15 22:05:614 INFO  MyAccountsPage :83 - Click on my account link [[ChromeDriver: chrome on WINDOWS (2188979ee1f82c5cc8289ace8eac2900)] -> xpath: //span[text()='My Account']]
2023-05-15 22:05:271 INFO  MyAccountsPage :91 - Select my account option 
2023-05-15 22:05:968 INFO  MyAccountsPage :83 - Click on my account link [[ChromeDriver: chrome on WINDOWS (5ddfe5012e94cecd368dd2c54c797824)] -> xpath: //span[text()='My Account']]
2023-05-15 22:05:462 INFO  MyAccountsPage :103 - Select my account Login 
2023-05-15 22:05:236 INFO  MyAccountsPage :125 - Email password information 
2023-05-15 22:05:290 INFO  MyAccountsPage :144 - Get text my account [[ChromeDriver: chrome on WINDOWS (5ddfe5012e94cecd368dd2c54c797824)] -> xpath: //h2[text()='My Account']]
2023-05-15 22:05:349 INFO  MyAccountsPage :87 - Click on my account link [[ChromeDriver: chrome on WINDOWS (5ddfe5012e94cecd368dd2c54c797824)] -> xpath: //span[text()='My Account']]
2023-05-15 22:05:195 INFO  MyAccountsPage :95 - Select my account logout option 
2023-05-15 22:05:242 INFO  MyAccountsPage :136 - Get text Account log out [[ChromeDriver: chrome on WINDOWS (5ddfe5012e94cecd368dd2c54c797824)] -> xpath: //h1[text()='Account Logout']]
2023-05-15 22:05:625 INFO  MyAccountsPage :133 - Click on continue button [[ChromeDriver: chrome on WINDOWS (5ddfe5012e94cecd368dd2c54c797824)] -> css selector: a[class='btn btn-primary']]
2023-05-15 22:05:939 INFO  HomePage :29 - Hover on desktop and click [[ChromeDriver: chrome on WINDOWS (64cd7f1d0907d58515abce0c7f0ffe36)] -> xpath: //a[text()='Desktops']]
2023-05-15 22:05:588 INFO  HomePage :33 - Call select menu method and click [[ChromeDriver: chrome on WINDOWS (64cd7f1d0907d58515abce0c7f0ffe36)] -> xpath: //a[text()='Desktops']]
2023-05-15 22:05:663 INFO  DesktopsPage :42 - Click on sort by Dropdown [[ChromeDriver: chrome on WINDOWS (64cd7f1d0907d58515abce0c7f0ffe36)] -> id: input-sort]
2023-05-15 22:05:131 INFO  DesktopsPage :46 - Select name Z to A from dropdown [[ChromeDriver: chrome on WINDOWS (64cd7f1d0907d58515abce0c7f0ffe36)] -> id: input-sort]
2023-05-15 22:05:403 INFO  DesktopsPage :77 - Product is in Descending order [[[ChromeDriver: chrome on WINDOWS (64cd7f1d0907d58515abce0c7f0ffe36)] -> xpath: //h4/a], [[ChromeDriver: chrome on WINDOWS (64cd7f1d0907d58515abce0c7f0ffe36)] -> xpath: //h4/a], [[ChromeDriver: chrome on WINDOWS (64cd7f1d0907d58515abce0c7f0ffe36)] -> xpath: //h4/a], [[ChromeDriver: chrome on WINDOWS (64cd7f1d0907d58515abce0c7f0ffe36)] -> xpath: //h4/a], [[ChromeDriver: chrome on WINDOWS (64cd7f1d0907d58515abce0c7f0ffe36)] -> xpath: //h4/a], [[ChromeDriver: chrome on WINDOWS (64cd7f1d0907d58515abce0c7f0ffe36)] -> xpath: //h4/a], [[ChromeDriver: chrome on WINDOWS (64cd7f1d0907d58515abce0c7f0ffe36)] -> xpath: //h4/a], [[ChromeDriver: chrome on WINDOWS (64cd7f1d0907d58515abce0c7f0ffe36)] -> xpath: //h4/a], [[ChromeDriver: chrome on WINDOWS (64cd7f1d0907d58515abce0c7f0ffe36)] -> xpath: //h4/a], [[ChromeDriver: chrome on WINDOWS (64cd7f1d0907d58515abce0c7f0ffe36)] -> xpath: //h4/a], [[ChromeDriver: chrome on WINDOWS (64cd7f1d0907d58515abce0c7f0ffe36)] -> xpath: //h4/a], [[ChromeDriver: chrome on WINDOWS (64cd7f1d0907d58515abce0c7f0ffe36)] -> xpath: //h4/a]]
2023-05-15 22:05:662 INFO  HomePage :29 - Hover on desktop and click [[ChromeDriver: chrome on WINDOWS (7d82f8348808efb670235a89fba7bb50)] -> xpath: //a[text()='Desktops']]
2023-05-15 22:05:277 INFO  HomePage :33 - Call select menu method and click [[ChromeDriver: chrome on WINDOWS (7d82f8348808efb670235a89fba7bb50)] -> xpath: //a[text()='Desktops']]
2023-05-15 22:05:336 INFO  DesktopsPage :42 - Click on sort by Dropdown [[ChromeDriver: chrome on WINDOWS (7d82f8348808efb670235a89fba7bb50)] -> id: input-sort]
2023-05-15 22:05:816 INFO  DesktopsPage :50 - Select name A to Z from dropdown [[ChromeDriver: chrome on WINDOWS (7d82f8348808efb670235a89fba7bb50)] -> id: input-sort]
2023-05-15 22:05:869 INFO  DesktopsPage :54 - Select product [[ChromeDriver: chrome on WINDOWS (7d82f8348808efb670235a89fba7bb50)] -> xpath: //a[text()='HP LP3065']]
2023-05-15 22:05:895 INFO  HPLP3065Page :46 - Get text [[ChromeDriver: chrome on WINDOWS (7d82f8348808efb670235a89fba7bb50)] -> css selector: #content h1]
2023-05-15 22:05:351 INFO  HPLP3065Page :88 - Select delivery date : [[[ChromeDriver: chrome on WINDOWS (7d82f8348808efb670235a89fba7bb50)] -> xpath: //div[@class = 'datepicker']/div[1]//tbody/tr/td[@class = 'day']], [[ChromeDriver: chrome on WINDOWS (7d82f8348808efb670235a89fba7bb50)] -> xpath: //div[@class = 'datepicker']/div[1]//tbody/tr/td[@class = 'day']], [[ChromeDriver: chrome on WINDOWS (7d82f8348808efb670235a89fba7bb50)] -> xpath: //div[@class = 'datepicker']/div[1]//tbody/tr/td[@class = 'day']], [[ChromeDriver: chrome on WINDOWS (7d82f8348808efb670235a89fba7bb50)] -> xpath: //div[@class = 'datepicker']/div[1]//tbody/tr/td[@class = 'day']], [[ChromeDriver: chrome on WINDOWS (7d82f8348808efb670235a89fba7bb50)] -> xpath: //div[@class = 'datepicker']/div[1]//tbody/tr/td[@class = 'day']], [[ChromeDriver: chrome on WINDOWS (7d82f8348808efb670235a89fba7bb50)] -> xpath: //div[@class = 'datepicker']/div[1]//tbody/tr/td[@class = 'day']], [[ChromeDriver: chrome on WINDOWS (7d82f8348808efb670235a89fba7bb50)] -> xpath: //div[@class = 'datepicker']/div[1]//tbody/tr/td[@class = 'day']], [[ChromeDriver: chrome on WINDOWS (7d82f8348808efb670235a89fba7bb50)] -> xpath: //div[@class = 'datepicker']/div[1]//tbody/tr/td[@class = 'day']], [[ChromeDriver: chrome on WINDOWS (7d82f8348808efb670235a89fba7bb50)] -> xpath: //div[@class = 'datepicker']/div[1]//tbody/tr/td[@class = 'day']], [[ChromeDriver: chrome on WINDOWS (7d82f8348808efb670235a89fba7bb50)] -> xpath: //div[@class = 'datepicker']/div[1]//tbody/tr/td[@class = 'day']], [[ChromeDriver: chrome on WINDOWS (7d82f8348808efb670235a89fba7bb50)] -> xpath: //div[@class = 'datepicker']/div[1]//tbody/tr/td[@class = 'day']], [[ChromeDriver: chrome on WINDOWS (7d82f8348808efb670235a89fba7bb50)] -> xpath: //div[@class = 'datepicker']/div[1]//tbody/tr/td[@class = 'day']], [[ChromeDriver: chrome on WINDOWS (7d82f8348808efb670235a89fba7bb50)] -> xpath: //div[@class = 'datepicker']/div[1]//tbody/tr/td[@class = 'day']], [[ChromeDriver: chrome on WINDOWS (7d82f8348808efb670235a89fba7bb50)] -> xpath: //div[@class = 'datepicker']/div[1]//tbody/tr/td[@class = 'day']], [[ChromeDriver: chrome on WINDOWS (7d82f8348808efb670235a89fba7bb50)] -> xpath: //div[@class = 'datepicker']/div[1]//tbody/tr/td[@class = 'day']], [[ChromeDriver: chrome on WINDOWS (7d82f8348808efb670235a89fba7bb50)] -> xpath: //div[@class = 'datepicker']/div[1]//tbody/tr/td[@class = 'day']], [[ChromeDriver: chrome on WINDOWS (7d82f8348808efb670235a89fba7bb50)] -> xpath: //div[@class = 'datepicker']/div[1]//tbody/tr/td[@class = 'day']], [[ChromeDriver: chrome on WINDOWS (7d82f8348808efb670235a89fba7bb50)] -> xpath: //div[@class = 'datepicker']/div[1]//tbody/tr/td[@class = 'day']], [[ChromeDriver: chrome on WINDOWS (7d82f8348808efb670235a89fba7bb50)] -> xpath: //div[@class = 'datepicker']/div[1]//tbody/tr/td[@class = 'day']], [[ChromeDriver: chrome on WINDOWS (7d82f8348808efb670235a89fba7bb50)] -> xpath: //div[@class = 'datepicker']/div[1]//tbody/tr/td[@class = 'day']], [[ChromeDriver: chrome on WINDOWS (7d82f8348808efb670235a89fba7bb50)] -> xpath: //div[@class = 'datepicker']/div[1]//tbody/tr/td[@class = 'day']], [[ChromeDriver: chrome on WINDOWS (7d82f8348808efb670235a89fba7bb50)] -> xpath: //div[@class = 'datepicker']/div[1]//tbody/tr/td[@class = 'day']], [[ChromeDriver: chrome on WINDOWS (7d82f8348808efb670235a89fba7bb50)] -> xpath: //div[@class = 'datepicker']/div[1]//tbody/tr/td[@class = 'day']], [[ChromeDriver: chrome on WINDOWS (7d82f8348808efb670235a89fba7bb50)] -> xpath: //div[@class = 'datepicker']/div[1]//tbody/tr/td[@class = 'day']], [[ChromeDriver: chrome on WINDOWS (7d82f8348808efb670235a89fba7bb50)] -> xpath: //div[@class = 'datepicker']/div[1]//tbody/tr/td[@class = 'day']], [[ChromeDriver: chrome on WINDOWS (7d82f8348808efb670235a89fba7bb50)] -> xpath: //div[@class = 'datepicker']/div[1]//tbody/tr/td[@class = 'day']], [[ChromeDriver: chrome on WINDOWS (7d82f8348808efb670235a89fba7bb50)] -> xpath: //div[@class = 'datepicker']/div[1]//tbody/tr/td[@class = 'day']], [[ChromeDriver: chrome on WINDOWS (7d82f8348808efb670235a89fba7bb50)] -> xpath: //div[@class = 'datepicker']/div[1]//tbody/tr/td[@class = 'day']], [[ChromeDriver: chrome on WINDOWS (7d82f8348808efb670235a89fba7bb50)] -> xpath: //div[@class = 'datepicker']/div[1]//tbody/tr/td[@class = 'day']], [[ChromeDriver: chrome on WINDOWS (7d82f8348808efb670235a89fba7bb50)] -> xpath: //div[@class = 'datepicker']/div[1]//tbody/tr/td[@class = 'day']]]
2023-05-15 22:05:436 INFO  HPLP3065Page :51 - Enter quantity [[ChromeDriver: chrome on WINDOWS (7d82f8348808efb670235a89fba7bb50)] -> css selector: #input-quantity]
2023-05-15 22:05:510 INFO  HPLP3065Page :55 - Click on add to cart button [[ChromeDriver: chrome on WINDOWS (7d82f8348808efb670235a89fba7bb50)] -> css selector: #button-cart]
2023-05-15 22:05:529 INFO  HPLP3065Page :46 - Get text [[ChromeDriver: chrome on WINDOWS (7d82f8348808efb670235a89fba7bb50)] -> css selector: #content h1]
2023-05-15 22:05:600 INFO  HPLP3065Page :63 - Click on shopping cart link : [[ChromeDriver: chrome on WINDOWS (7d82f8348808efb670235a89fba7bb50)] -> css selector: .alert.alert-success.alert-dismissible a:nth-of-type(2)]
2023-05-15 22:05:637 INFO  ShoppingCartPage :106 - Get text shopping cart : [[ChromeDriver: chrome on WINDOWS (7d82f8348808efb670235a89fba7bb50)] -> css selector: #content>h1]
2023-05-15 22:05:674 INFO  ShoppingCartPage :111 - Get text product name : [[ChromeDriver: chrome on WINDOWS (7d82f8348808efb670235a89fba7bb50)] -> css selector: body > div:nth-child(4) > div:nth-child(2) > div:nth-child(1) > form:nth-child(2) > div:nth-child(1) > table:nth-child(1) > tbody:nth-child(2) > tr:nth-child(1) > td:nth-child(2) > a:nth-child(1)]
2023-05-15 22:05:714 INFO  ShoppingCartPage :116 - Get text delivery date : [[ChromeDriver: chrome on WINDOWS (7d82f8348808efb670235a89fba7bb50)] -> xpath: //small[text()='Delivery Date:2022-11-30']]
2023-05-15 22:05:744 INFO  ShoppingCartPage :121 - Get text model [[ChromeDriver: chrome on WINDOWS (7d82f8348808efb670235a89fba7bb50)] -> xpath: //td[text()='Product 21']]
2023-05-15 22:05:774 INFO  ShoppingCartPage :126 - Get text total [[ChromeDriver: chrome on WINDOWS (7d82f8348808efb670235a89fba7bb50)] -> css selector: #content > div.row > div > table > tbody > tr:nth-child(4) > td:nth-child(2)]
